<?xml version="1.0" encoding="UTF-8"?>
<!-- Generated by org.testng.reporters.JUnitReportReporter -->
<testsuite hostname="DESKTOP-UIVDGU4" failures="0" tests="1" name="jenkinproject.sample$SampleTest" time="0.007" errors="0" timestamp="2023-04-28T18:37:48 IST" skipped="0">
  <testcase classname="jenkinproject.sample$SampleTest" name="test" time="0.007"/>
  <system-out/>
</testsuite> <!-- jenkinproject.sample$SampleTest -->
